[INFO] 16:42:45:308 tp0.log/(2155:2155): Soy un log
[INFO] 16:42:45:312 tp0.log/(2155:2155): 127.0.0.1
[INFO] 16:42:45:312 tp0.log/(2155:2155): 4444
[INFO] 16:42:45:312 tp0.log/(2155:2155): valor
[INFO] 16:50:12:560 tp0.log/(2689:2689): Soy un log
[INFO] 16:50:12:561 tp0.log/(2689:2689): 127.0.0.1
[INFO] 16:50:12:561 tp0.log/(2689:2689): 4444
[INFO] 16:50:12:561 tp0.log/(2689:2689): valor
[INFO] 16:50:19:347 tp0.log/(2689:2689): AF
[INFO] 16:50:20:245 tp0.log/(2689:2689): AF
[INFO] 16:50:20:894 tp0.log/(2689:2689): SDF
[INFO] 16:50:21:105 tp0.log/(2689:2689): 
[INFO] 16:50:21:363 tp0.log/(2689:2689): F
[INFO] 16:50:21:509 tp0.log/(2689:2689): D
[INFO] 16:50:21:686 tp0.log/(2689:2689): D
[INFO] 16:50:21:852 tp0.log/(2689:2689): D
[INFO] 16:50:22:034 tp0.log/(2689:2689): 
[INFO] 16:50:22:185 tp0.log/(2689:2689): D
[INFO] 16:50:22:366 tp0.log/(2689:2689): 
[INFO] 16:50:22:579 tp0.log/(2689:2689): S
[INFO] 16:50:23:952 tp0.log/(2689:2689): SASDF
[INFO] 16:50:24:287 tp0.log/(2689:2689): SAF
[INFO] 16:50:24:531 tp0.log/(2689:2689): AF
[INFO] 16:50:24:787 tp0.log/(2689:2689): ASF
[INFO] 16:50:25:008 tp0.log/(2689:2689): ASF
[INFO] 16:50:25:266 tp0.log/(2689:2689): AS
[INFO] 16:50:25:368 tp0.log/(2689:2689): F
[INFO] 16:50:25:631 tp0.log/(2689:2689): F
[INFO] 16:50:25:722 tp0.log/(2689:2689): 
[INFO] 16:50:25:954 tp0.log/(2689:2689): 
[INFO] 16:50:26:036 tp0.log/(2689:2689): F
[INFO] 16:50:26:776 tp0.log/(2689:2689): s
[INFO] 16:50:27:006 tp0.log/(2689:2689): a
[INFO] 16:50:27:161 tp0.log/(2689:2689): d
[INFO] 16:50:27:377 tp0.log/(2689:2689): d
[INFO] 16:50:27:500 tp0.log/(2689:2689): sf
[INFO] 16:50:27:678 tp0.log/(2689:2689): f
[INFO] 16:50:27:798 tp0.log/(2689:2689): dsg
[INFO] 16:54:24:765 tp0.log/(2891:2891): Soy un log
[INFO] 16:59:27:683 tp0.log/(3008:3008): Soy un log
[INFO] 18:02:23:717 tp0.log/(106229:106229): Soy un log
[INFO] 18:04:01:295 tp0.log/(106241:106241): Soy un log
[INFO] 18:09:33:942 tp0.log/(106364:106364): Soy un log
[INFO] 18:20:36:777 tp0.log/(106619:106619): Soy un log
[INFO] 18:20:36:791 tp0.log/(106619:106619): valor
[INFO] 18:20:42:747 tp0.log/(106619:106619): sdf
[INFO] 18:20:43:732 tp0.log/(106619:106619): fds
[INFO] 18:20:44:594 tp0.log/(106619:106619): sdf
[INFO] 18:20:45:139 tp0.log/(106619:106619): sdf
[INFO] 18:20:45:700 tp0.log/(106619:106619): sdf
[INFO] 18:20:46:203 tp0.log/(106619:106619): sdg
[INFO] 18:20:46:697 tp0.log/(106619:106619): g
[INFO] 18:20:47:075 tp0.log/(106619:106619): 
[INFO] 18:20:47:381 tp0.log/(106619:106619): sd
[INFO] 18:21:47:673 tp0.log/(106857:106857): Soy un log
[INFO] 18:21:47:674 tp0.log/(106857:106857): valor
[INFO] 18:21:56:363 tp0.log/(106857:106857): hola
[INFO] 18:21:59:942 tp0.log/(106857:106857): holaaaaaa
[INFO] 18:22:00:404 tp0.log/(106857:106857): a
[INFO] 18:22:00:776 tp0.log/(106857:106857): a
[INFO] 18:22:01:035 tp0.log/(106857:106857): a
[INFO] 18:22:01:240 tp0.log/(106857:106857): a
[INFO] 18:22:01:400 tp0.log/(106857:106857): a
[INFO] 18:22:01:563 tp0.log/(106857:106857): a
[INFO] 18:22:01:734 tp0.log/(106857:106857): a
[INFO] 18:22:01:865 tp0.log/(106857:106857): a
[INFO] 18:26:25:045 tp0.log/(107098:107098): Soy un log
[INFO] 18:26:25:098 tp0.log/(107098:107098): valor
[INFO] 18:26:32:422 tp0.log/(107098:107098): asd
[INFO] 18:26:33:571 tp0.log/(107098:107098): asf
[INFO] 18:26:34:197 tp0.log/(107098:107098): as
[INFO] 18:26:34:765 tp0.log/(107098:107098): as
[INFO] 18:26:35:128 tp0.log/(107098:107098): das
[INFO] 18:26:35:359 tp0.log/(107098:107098): f
[INFO] 18:26:35:555 tp0.log/(107098:107098): sf
[INFO] 18:26:35:721 tp0.log/(107098:107098): s
[INFO] 18:26:35:884 tp0.log/(107098:107098): f
[INFO] 18:26:36:040 tp0.log/(107098:107098): 
[INFO] 18:26:36:200 tp0.log/(107098:107098): sa
[INFO] 18:26:36:337 tp0.log/(107098:107098): s
[INFO] 18:26:36:471 tp0.log/(107098:107098): a
[INFO] 18:26:53:832 tp0.log/(107098:107098): close
[INFO] 18:30:26:984 tp0.log/(107134:107134): Soy un log
[INFO] 18:30:26:984 tp0.log/(107134:107134): valor
[INFO] 18:30:31:377 tp0.log/(107134:107134): asd
[INFO] 18:30:32:247 tp0.log/(107134:107134): asf
[INFO] 18:30:32:602 tp0.log/(107134:107134): a
[INFO] 18:30:32:827 tp0.log/(107134:107134): a
[INFO] 18:30:33:009 tp0.log/(107134:107134): a
[INFO] 18:30:33:179 tp0.log/(107134:107134): a
[INFO] 18:30:33:345 tp0.log/(107134:107134): a
[INFO] 18:30:33:502 tp0.log/(107134:107134): a
